<?xml version="1.0" encoding="UTF-8"?>
<!-- Generated by org.testng.reporters.JUnitXMLReporter -->
<testsuite ignored="2" hostname="Adarsh-MacBook-Pro.local" failures="10" tests="33" name="Surefire test" time="12.898" errors="0" timestamp="2024-09-21T21:40:40 IST">
  <testcase classname="com.TheTestingAcademy.Test001" name="test_get" time="1.563"/>
  <testcase classname="com.TheTestingAcademy.ex_21092024.testngexamples.TestNG004" name="test_PUT" time="0.001"/>
  <testcase classname="com.TheTestingAcademy.ex_21092024.testngexamples.TestNG006" name="RegRun" time="0.005">
    <failure type="java.lang.AssertionError" message="expected [true] but found [false]">
      <![CDATA[java.lang.AssertionError: expected [true] but found [false]
at com.TheTestingAcademy.ex_21092024.testngexamples.TestNG006.RegRun(TestNG006.java:18)
at java.base/java.util.ArrayList.forEach(ArrayList.java:1597)
... Removed 34 stack frames]]>
    </failure>
  </testcase> <!-- RegRun -->
  <testcase classname="com.TheTestingAcademy.ex_21092024.testngexamples.TestNG006" name="RegRun2" time="0.001">
    <failure type="java.lang.AssertionError" message="expected [true] but found [false]">
      <![CDATA[java.lang.AssertionError: expected [true] but found [false]
at com.TheTestingAcademy.ex_21092024.testngexamples.TestNG006.RegRun2(TestNG006.java:37)
at java.base/java.util.ArrayList.forEach(ArrayList.java:1597)
... Removed 34 stack frames]]>
    </failure>
  </testcase> <!-- RegRun2 -->
  <testcase classname="com.TheTestingAcademy.ex_21092024.testngexamples.TestNG006" name="SmokeRun" time="0.001">
    <failure type="java.lang.AssertionError" message="expected [true] but found [false]">
      <![CDATA[java.lang.AssertionError: expected [true] but found [false]
at com.TheTestingAcademy.ex_21092024.testngexamples.TestNG006.SmokeRun(TestNG006.java:24)
at java.base/java.util.ArrayList.forEach(ArrayList.java:1597)
... Removed 34 stack frames]]>
    </failure>
  </testcase> <!-- SmokeRun -->
  <testcase classname="com.TheTestingAcademy.ex_21092024.testngexamples.TestNG006" name="SmokeRun3" time="0.001">
    <failure type="java.lang.AssertionError" message="expected [true] but found [false]">
      <![CDATA[java.lang.AssertionError: expected [true] but found [false]
at com.TheTestingAcademy.ex_21092024.testngexamples.TestNG006.SmokeRun3(TestNG006.java:43)
at java.base/java.util.ArrayList.forEach(ArrayList.java:1597)
... Removed 34 stack frames]]>
    </failure>
  </testcase> <!-- SmokeRun3 -->
  <testcase classname="com.TheTestingAcademy.ex_21092024.testngexamples.TestNG006" name="sanityRun" time="0.0"/>
  <testcase classname="com.TheTestingAcademy.ex_21092024.testngexamples.TestNG006" name="sanityRun1" time="0.0"/>
  <testcase classname="com.TheTestingAcademy.ex_21092024.testngexamples.TestNG007" name="serverStartedOk" time="0.0">
    <failure type="java.lang.AssertionError" message="expected [true] but found [false]">
      <![CDATA[java.lang.AssertionError: expected [true] but found [false]
at com.TheTestingAcademy.ex_21092024.testngexamples.TestNG007.serverStartedOk(TestNG007.java:11)
at java.base/java.util.ArrayList.forEach(ArrayList.java:1597)
... Removed 34 stack frames]]>
    </failure>
  </testcase> <!-- serverStartedOk -->
  <testcase classname="com.TheTestingAcademy.ex_21092024.testngexamples.TestNG007" name="method1" time="0.0">
    <skipped/>
  </testcase> <!-- method1 -->
  <testcase classname="com.TheTestingAcademy.ex_21092024.testngexamples.TestNG005" name="t2" time="0.001"/>
  <testcase classname="com.TheTestingAcademy.ex_21092024.testngexamples.TestNG005" name="t1" time="0.002"/>
  <testcase classname="com.TheTestingAcademy.ex_21092024.testngexamples.TestNG005" name="t3" time="0.001"/>
  <testcase classname="com.TheTestingAcademy.ex_21092024.testngexamples.TestNG001" name="testcase01" time="0.002"/>
  <testcase classname="com.TheTestingAcademy.ex_21092024.testngexamples.TestNG001" name="testcase02" time="0.001">
    <failure type="java.lang.AssertionError" message="expected [false] but found [true]">
      <![CDATA[java.lang.AssertionError: expected [false] but found [true]
at com.TheTestingAcademy.ex_21092024.testngexamples.TestNG001.testcase02(TestNG001.java:24)
at java.base/java.util.ArrayList.forEach(ArrayList.java:1597)
... Removed 37 stack frames]]>
    </failure>
  </testcase> <!-- testcase02 -->
  <testcase classname="com.TheTestingAcademy.ex_21092024.testngexamples.Assertions.Test011" name="test_post" time="1.772"/>
  <testcase classname="com.TheTestingAcademy.ex_21092024.testngexamples.Assertions.Test012" name="hardAssertExample" time="0.001">
    <failure type="java.lang.AssertionError" message="expected [true] but found [false]">
      <![CDATA[java.lang.AssertionError: expected [true] but found [false]
at com.TheTestingAcademy.ex_21092024.testngexamples.Assertions.Test012.hardAssertExample(Test012.java:12)
at java.base/java.util.ArrayList.forEach(ArrayList.java:1597)
... Removed 34 stack frames]]>
    </failure>
  </testcase> <!-- hardAssertExample -->
  <testcase classname="com.TheTestingAcademy.ex_21092024.testngexamples.Assertions.Test012" name="softAssertExample" time="0.002">
    <failure type="java.lang.AssertionError" message="The following asserts failed:
	expected [true] but found [false]">
      <![CDATA[java.lang.AssertionError: The following asserts failed:
expected [true] but found [false]
at com.TheTestingAcademy.ex_21092024.testngexamples.Assertions.Test012.softAssertExample(Test012.java:22)
at java.base/java.util.ArrayList.forEach(ArrayList.java:1597)
... Removed 32 stack frames]]>
    </failure>
  </testcase> <!-- softAssertExample -->
  <testcase classname="com.TheTestingAcademy.ex_21092024.testngexamples.TestNG003" name="testPUTReq" time="0.001"/>
  <testcase classname="com.TheTestingAcademy.ex_21092024.testngexamples.TestNG003" name="testPUTReq2" time="0.001"/>
  <testcase classname="com.TheTestingAcademy.ex_21092024.testngexamples.TestNG003" name="testPUTReq3" time="0.001"/>
  <testcase classname="com.TheTestingAcademy.ex_21092024.testngexamples.TestNG010" name="test01" time="0.0">
    <failure type="java.lang.AssertionError" message="expected [true] but found [false]">
      <![CDATA[java.lang.AssertionError: expected [true] but found [false]
at com.TheTestingAcademy.ex_21092024.testngexamples.TestNG010.test01(TestNG010.java:10)
at java.base/java.util.ArrayList.forEach(ArrayList.java:1597)
... Removed 34 stack frames]]>
    </failure>
  </testcase> <!-- test01 -->
  <testcase classname="com.TheTestingAcademy.ex_21092024.testngexamples.TestNG010" name="test03" time="0.001"/>
  <testcase classname="com.TheTestingAcademy.ex_21092024.testngexamples.CRUD.TestCaseIntegration" name="test_update_request_put" time="3.392"/>
  <testcase classname="com.TheTestingAcademy.ex_21092024.testngexamples.CRUD.TestCaseIntegration" name="test_update_request_get" time="1.151"/>
  <testcase classname="com.TheTestingAcademy.ex_21092024.testngexamples.CRUD.TestCaseIntegration" name="test_delete_booking" time="3.668"/>
  <testcase classname="com.TheTestingAcademy.ex_21092024.testngexamples.CRUD.TestCaseIntegration" name="test_after_delete_request_get" time="1.159"/>
  <testcase classname="com.TheTestingAcademy.ex_21092024.testngexamples.TestNG009" name="test01" time="0.002"/>
  <testcase classname="com.TheTestingAcademy.ex_21092024.testngexamples.TestNG009" name="test03" time="0.001"/>
  <testcase classname="com.TheTestingAcademy.ex_21092024.testngexamples.TestNG008" name="demo1" time="0.0">
    <failure type="org.testng.TestNGException" message="
Parameter &amp;apos;browser&amp;apos; is required by @Test on method demo1 but has not been marked @Optional or defined
">
      <![CDATA[org.testng.TestNGException: 
Parameter 'browser' is required by @Test on method demo1 but has not been marked @Optional or defined

at java.base/java.util.ArrayList.forEach(ArrayList.java:1597)
... Removed 31 stack frames]]>
    </failure>
  </testcase> <!-- demo1 -->
  <testcase classname="com.TheTestingAcademy.Test002" name="demo5" time="0.001"/>
  <testcase classname="com.TheTestingAcademy.ex_15092024.testng.Test003" name="demo5" time="0.001"/>
  <testcase classname="com.TheTestingAcademy.ex_15092024.testng.Test001" name="test_get" time="0.001"/>
  <testcase classname="com.TheTestingAcademy.ex_21092024.testngexamples.TestNG010" name="test02" time="0.0">
    <ignored/>
  </testcase> <!-- test02 -->
  <testcase classname="com.TheTestingAcademy.ex_21092024.testngexamples.TestNG009" name="test02" time="0.0">
    <ignored/>
  </testcase> <!-- test02 -->
</testsuite> <!-- Surefire test -->
