<?xml version="1.0" encoding="UTF-8"?>
<testsuite name="Surefire test"
           tests="1"
           failures="1"
           errors="0"
           skipped="0"
           time="0.000">
    <properties></properties>

            <testcase
                name="demo1"
                time="0.000"
                classname="com.TheTestingAcademy.ex_21092024.testngexamples.TestNG008">

            <failure type="org.testng.TestNGException" message="
Parameter &apos;browser&apos; is required by @Test on method demo1 but has not been marked @Optional or defined
">
                <![CDATA[org.testng.TestNGException: 
Parameter 'browser' is required by @Test on method demo1 but has not been marked @Optional or defined

                org.testng.internal.Parameters.createParams(Parameters.java:264)org.testng.internal.Parameters.createParametersForMethod(Parameters.java:352)org.testng.internal.Parameters.createParameters(Parameters.java:690)org.testng.internal.Parameters.handleParameters(Parameters.java:885)org.testng.internal.Parameters.handleParameters(Parameters.java:734)org.testng.internal.invokers.ParameterHandler.handleParameters(ParameterHandler.java:72)org.testng.internal.invokers.ParameterHandler.createParameters(ParameterHandler.java:51)org.testng.internal.invokers.TestInvoker$MethodInvocationAgent.invoke(TestInvoker.java:946)org.testng.internal.invokers.TestInvoker.invokeTestMethods(TestInvoker.java:203)org.testng.internal.invokers.TestMethodWorker.invokeTestMethods(TestMethodWorker.java:154)org.testng.internal.invokers.TestMethodWorker.run(TestMethodWorker.java:134)java.base/java.util.ArrayList.forEach(ArrayList.java:1597)org.testng.TestRunner.privateRun(TestRunner.java:739)org.testng.TestRunner.run(TestRunner.java:614)org.testng.SuiteRunner.runTest(SuiteRunner.java:421)org.testng.SuiteRunner.runSequentially(SuiteRunner.java:413)org.testng.SuiteRunner.privateRun(SuiteRunner.java:373)org.testng.SuiteRunner.run(SuiteRunner.java:312)org.testng.SuiteRunnerWorker.runSuite(SuiteRunnerWorker.java:52)org.testng.SuiteRunnerWorker.run(SuiteRunnerWorker.java:95)org.testng.TestNG.runSuitesSequentially(TestNG.java:1274)org.testng.TestNG.runSuitesLocally(TestNG.java:1208)org.testng.TestNG.runSuites(TestNG.java:1112)org.testng.TestNG.run(TestNG.java:1079)org.apache.maven.surefire.testng.TestNGExecutor.run(TestNGExecutor.java:155)org.apache.maven.surefire.testng.TestNGDirectoryTestSuite.executeMulti(TestNGDirectoryTestSuite.java:169)org.apache.maven.surefire.testng.TestNGDirectoryTestSuite.execute(TestNGDirectoryTestSuite.java:88)org.apache.maven.surefire.testng.TestNGProvider.invoke(TestNGProvider.java:137)org.apache.maven.surefire.booter.ForkedBooter.runSuitesInProcess(ForkedBooter.java:385)org.apache.maven.surefire.booter.ForkedBooter.execute(ForkedBooter.java:162)org.apache.maven.surefire.booter.ForkedBooter.run(ForkedBooter.java:507)org.apache.maven.surefire.booter.ForkedBooter.main(ForkedBooter.java:495)
]]>
            </failure>
    </testcase>


</testsuite>
